app/build/outputs/mapping/release/seeds.txt
cat.copernic.fpshare.ui.fragments.FragmentAdminPosts
cat.copernic.fpshare.ui.activities.Register
cat.copernic.fpshare.ui.fragments.MenuModulo
cat.copernic.fpshare.ui.fragments.MenuUF
cat.copernic.fpshare.ui.activities.RecoveryPassword
cat.copernic.fpshare.ui.fragments.CrearModulo
cat.copernic.fpshare.ui.activities.Login
cat.copernic.fpshare.ui.fragments.FragmentAdminModPost
cat.copernic.fpshare.ui.fragments.CrearCiclo
cat.copernic.fpshare.ui.fragments.CrearUF
cat.copernic.fpshare.ui.fragments.NuevaPublicacion
cat.copernic.fpshare.ui.activities.MainActivity
cat.copernic.fpshare.ui.fragments.ListaForos
cat.copernic.fpshare.ui.fragments.MenuAdministracion
cat.copernic.fpshare.ui.fragments.Renombrar_Usuario
cat.copernic.fpshare.ui.fragments.MostarInfoUsuario
cat.copernic.fpshare.ui.fragments.ListaUsuariosAdministracion
cat.copernic.fpshare.ui.fragments.MenuApuntes
cat.copernic.fpshare.modelo.AlarmReceiver
cat.copernic.fpshare.ui.fragments.FragmentAdminCiclos
cat.copernic.fpshare.ui.fragments.FragmentAdminUFs
cat.copernic.fpshare.ui.fragments.FragmentAdminEditUF
cat.copernic.fpshare.ui.fragments.CreacionForo
cat.copernic.fpshare.ui.fragments.FragmentAdminEditModule
cat.copernic.fpshare.ui.fragments.pantalla_principal
cat.copernic.fpshare.ui.fragments.FragmentAdminEditCicle
cat.copernic.fpshare.ui.fragments.FragmentAdminModulos
cat.copernic.fpshare.ui.fragments.perfil
cat.copernic.fpshare.ui.fragments.FPHilo
cat.copernic.fpshare.ui.fragments.MenuCiclos
cat.copernic.fpshare.ui.fragments.MenuModuloArgs: cat.copernic.fpshare.ui.fragments.MenuModuloArgs fromBundle(android.os.Bundle)
cat.copernic.fpshare.ui.fragments.MenuAdministracion: MenuAdministracion()
cat.copernic.fpshare.ui.fragments.CrearModuloArgs: cat.copernic.fpshare.ui.fragments.CrearModuloArgs fromBundle(android.os.Bundle)
cat.copernic.fpshare.ui.activities.RecoveryPassword: RecoveryPassword()
cat.copernic.fpshare.ui.fragments.MostarInfoUsuarioArgs: cat.copernic.fpshare.ui.fragments.MostarInfoUsuarioArgs fromBundle(android.os.Bundle)
cat.copernic.fpshare.ui.fragments.FragmentAdminModPost: FragmentAdminModPost()
cat.copernic.fpshare.ui.fragments.CrearModulo: CrearModulo()
cat.copernic.fpshare.ui.fragments.CrearCiclo: CrearCiclo()
cat.copernic.fpshare.ui.fragments.FragmentAdminEditCicle: FragmentAdminEditCicle()
cat.copernic.fpshare.ui.fragments.perfil: perfil()
cat.copernic.fpshare.ui.fragments.CreacionForo: CreacionForo()
cat.copernic.fpshare.ui.fragments.FragmentAdminCiclos: FragmentAdminCiclos()
cat.copernic.fpshare.ui.activities.Register: Register()
cat.copernic.fpshare.modelo.Publicacion: Publicacion()
cat.copernic.fpshare.ui.fragments.FragmentAdminEditUF: FragmentAdminEditUF()
cat.copernic.fpshare.ui.fragments.FragmentAdminPostsArgs: cat.copernic.fpshare.ui.fragments.FragmentAdminPostsArgs fromBundle(android.os.Bundle)
cat.copernic.fpshare.ui.fragments.MostarInfoUsuario: MostarInfoUsuario()
cat.copernic.fpshare.ui.fragments.FragmentAdminModulos: FragmentAdminModulos()
cat.copernic.fpshare.ui.fragments.ListaForos: ListaForos()
cat.copernic.fpshare.ui.fragments.FragmentAdminEditModuleArgs: cat.copernic.fpshare.ui.fragments.FragmentAdminEditModuleArgs fromBundle(android.os.Bundle)
cat.copernic.fpshare.ui.fragments.MenuApuntesArgs: cat.copernic.fpshare.ui.fragments.MenuApuntesArgs fromBundle(android.os.Bundle)
cat.copernic.fpshare.ui.fragments.FPHiloArgs: cat.copernic.fpshare.ui.fragments.FPHiloArgs fromBundle(android.os.Bundle)
cat.copernic.fpshare.ui.fragments.MenuCiclos: MenuCiclos()
cat.copernic.fpshare.ui.fragments.Renombrar_Usuario: Renombrar_Usuario()
cat.copernic.fpshare.ui.fragments.FragmentAdminModPostArgs: cat.copernic.fpshare.ui.fragments.FragmentAdminModPostArgs fromBundle(android.os.Bundle)
cat.copernic.fpshare.modelo.User: User()
cat.copernic.fpshare.modelo.Mensaje: Mensaje()
cat.copernic.fpshare.ui.fragments.FragmentAdminUFsArgs: cat.copernic.fpshare.ui.fragments.FragmentAdminUFsArgs fromBundle(android.os.Bundle)
...
com.google.firebase.storage.StorageTask: com.google.firebase.storage.StorageTask removeOnSuccessListener(com.google.android.gms.tasks.OnSuccessListener)
com.google.firebase.firestore.local.MemoryRemoteDocumentCache$DocumentIterable: MemoryRemoteDocumentCache$DocumentIterable(com.google.firebase.firestore.local.MemoryRemoteDocumentCache)
com.google.protobuf.Timestamp$Builder: Timestamp$Builder()
com.google.android.gms.measurement.internal.AppMeasurementDynamiteService: void setMeasurementEnabled(boolean,long)
com.google.firebase.ktx.R$dimen: R$dimen()
com.google.firebase.firestore.proto.NoDocumentOrBuilder: java.lang.String getName()
com.google.android.material.textfield.TextInputLayout: void setMaxWidthResource(int)
com.google.firebase.firestore.local.SQLiteIndexManager: void deleteIndexEntry(com.google.firebase.firestore.model.Document,com.google.firebase.firestore.index.IndexEntry)
com.google.firebase.firestore.util.Util: void diffCollections(java.util.SortedSet,java.util.SortedSet,com.google.firebase.firestore.util.Consumer,com.google.firebase.firestore.util.Consumer)
com.google.protobuf.GeneratedMessageLite: com.google.protobuf.Internal$FloatList mutableCopy(com.google.protobuf.Internal$FloatList)
com.google.cloud.audit.AuthenticationInfo: java.lang.String getPrincipalEmail()
com.google.firestore.v1.BatchGetDocumentsRequest$Builder: BatchGetDocumentsRequest$Builder()
com.google.firebase.firestore.WriteBatch: com.google.firebase.firestore.WriteBatch set(com.google.firebase.firestore.DocumentReference,java.lang.Object,com.google.firebase.firestore.SetOptions)
androidx.core.app.NavUtils$Api16Impl: boolean shouldUpRecreateTask(android.app.Activity,android.content.Intent)
androidx.compose.runtime.CompositionContext: CompositionContext()
com.google.protobuf.AbstractMessageLite$Builder: com.google.protobuf.AbstractMessageLite$Builder mergeFrom(byte[],com.google.protobuf.ExtensionRegistryLite)
io.grpc.NameResolver$ServiceConfigParser: NameResolver$ServiceConfigParser()
androidx.compose.runtime.external.kotlinx.collections.immutable.implementations.immutableMap.TrieNodeBaseIterator: TrieNodeBaseIterator()
com.google.firebase.firestore.core.Bound: Bound(java.util.List,boolean)
androidx.core.view.ViewConfigurationCompat$Api28Impl: int getScaledHoverSlop(android.view.ViewConfiguration)
com.google.firebase.firestore.local.SQLitePersistence$OpenHelper: void onOpen(android.database.sqlite.SQLiteDatabase)
com.google.android.material.textfield.TextInputLayout: int getBoxStrokeWidthFocused()
com.google.protobuf.GeneratedMessageLite: int getSerializedSize(com.google.protobuf.Schema)
com.google.android.material.chip.ChipGroup: void setOnCheckedChangeListener(com.google.android.material.chip.ChipGroup$OnCheckedChangeListener)
com.google.firebase.database.collection.LLRBBlackValueNode: com.google.firebase.database.collection.LLRBValueNode copy(java.lang.Object,java.lang.Object,com.google.firebase.database.collection.LLRBNode,com.google.firebase.database.collection.LLRBNode)
com.google.android.material.navigation.NavigationBarItemView: void setItemRippleColor(android.content.res.ColorStateList)
com.google.firebase.firestore.SetOptions: com.google.firebase.firestore.SetOptions mergeFields(java.util.List)
com.google.firebase.firestore.proto.WriteBatch: com.google.firebase.firestore.proto.WriteBatch$Builder newBuilder()
com.google.firebase.firestore.proto.UnknownDocument: com.google.firebase.firestore.proto.UnknownDocument parseFrom(java.io.InputStream)
com.google.firebase.firestore.index.AutoValue_IndexEntry: com.google.firebase.firestore.model.DocumentKey getDocumentKey()
androidx.appcompat.widget.SearchView: java.lang.CharSequence getQuery()
com.google.firebase.firestore.proto.MaybeDocumentOrBuilder: com.google.protobuf.MessageLite getDefaultInstanceForType()
com.google.firebase.auth.internal.zzr: zzr(com.google.firebase.auth.internal.zzx)